<?xml version="1.0" encoding="UTF-8"?>
<testng-results ignored="0" total="21" passed="21" failed="0" skipped="0">
  <reporter-output>
  </reporter-output>
  <suite started-at="2024-01-17T19:21:03 PST" name="Default suite" finished-at="2024-01-17T19:29:05 PST" duration-ms="482640">
    <groups>
      <group name="cucumber">
        <method signature="AbstractTestNGCucumberTests.runScenario(io.cucumber.testng.PickleWrapper,io.cucumber.testng.FeatureWrapper)[pri:0, instance:TestRunner.Testrunner@5965be2d]" name="runScenario" class="io.cucumber.testng.AbstractTestNGCucumberTests"/>
      </group> <!-- cucumber -->
    </groups>
    <test started-at="2024-01-17T19:21:03 PST" name="Default test" finished-at="2024-01-17T19:29:05 PST" duration-ms="482640">
      <class name="TestRunner.Testrunner">
        <test-method is-config="true" signature="setUpClass(org.testng.ITestContext)[pri:0, instance:TestRunner.Testrunner@5965be2d]" started-at="2024-01-17T19:21:03 PST" name="setUpClass" finished-at="2024-01-17T19:21:03 PST" duration-ms="412" status="PASS">
          <params>
            <param index="0">
              <value>
                <![CDATA[org.testng.TestRunner@65d3a83]]>
              </value>
            </param>
          </params>
          <reporter-output>
          </reporter-output>
        </test-method> <!-- setUpClass -->
        <test-method signature="runScenario(io.cucumber.testng.PickleWrapper,io.cucumber.testng.FeatureWrapper)[pri:0, instance:TestRunner.Testrunner@5965be2d]" started-at="2024-01-17T19:21:03 PST" name="runScenario" description="Runs Cucumber Scenarios" data-provider="scenarios" finished-at="2024-01-17T19:21:29 PST" duration-ms="26167" status="PASS">
          <params>
            <param index="0">
              <value>
                <![CDATA["Testing Arrays in Python Page in Arrays"]]>
              </value>
            </param>
            <param index="1">
              <value>
                <![CDATA["Test DS-Algo Array data structure page"]]>
              </value>
            </param>
          </params>
          <reporter-output>
          </reporter-output>
        </test-method> <!-- runScenario -->
        <test-method signature="runScenario(io.cucumber.testng.PickleWrapper,io.cucumber.testng.FeatureWrapper)[pri:0, instance:TestRunner.Testrunner@5965be2d]" started-at="2024-01-17T19:21:29 PST" name="runScenario" description="Runs Cucumber Scenarios" data-provider="scenarios" finished-at="2024-01-17T19:21:49 PST" duration-ms="19479" status="PASS">
          <params>
            <param index="0">
              <value>
                <![CDATA["Testing Arrays in Python Page in Arrays"]]>
              </value>
            </param>
            <param index="1">
              <value>
                <![CDATA["Test DS-Algo Array data structure page"]]>
              </value>
            </param>
          </params>
          <reporter-output>
          </reporter-output>
        </test-method> <!-- runScenario -->
        <test-method signature="runScenario(io.cucumber.testng.PickleWrapper,io.cucumber.testng.FeatureWrapper)[pri:0, instance:TestRunner.Testrunner@5965be2d]" started-at="2024-01-17T19:21:49 PST" name="runScenario" description="Runs Cucumber Scenarios" data-provider="scenarios" finished-at="2024-01-17T19:22:13 PST" duration-ms="24432" status="PASS">
          <params>
            <param index="0">
              <value>
                <![CDATA["Testing Arrays in Python Page in Arrays"]]>
              </value>
            </param>
            <param index="1">
              <value>
                <![CDATA["Test DS-Algo Array data structure page"]]>
              </value>
            </param>
          </params>
          <reporter-output>
          </reporter-output>
        </test-method> <!-- runScenario -->
        <test-method signature="runScenario(io.cucumber.testng.PickleWrapper,io.cucumber.testng.FeatureWrapper)[pri:0, instance:TestRunner.Testrunner@5965be2d]" started-at="2024-01-17T19:22:13 PST" name="runScenario" description="Runs Cucumber Scenarios" data-provider="scenarios" finished-at="2024-01-17T19:22:36 PST" duration-ms="23299" status="PASS">
          <params>
            <param index="0">
              <value>
                <![CDATA["Testing Arrays in Python Page in Arrays"]]>
              </value>
            </param>
            <param index="1">
              <value>
                <![CDATA["Test DS-Algo Array data structure page"]]>
              </value>
            </param>
          </params>
          <reporter-output>
          </reporter-output>
        </test-method> <!-- runScenario -->
        <test-method signature="runScenario(io.cucumber.testng.PickleWrapper,io.cucumber.testng.FeatureWrapper)[pri:0, instance:TestRunner.Testrunner@5965be2d]" started-at="2024-01-17T19:22:36 PST" name="runScenario" description="Runs Cucumber Scenarios" data-provider="scenarios" finished-at="2024-01-17T19:22:58 PST" duration-ms="21993" status="PASS">
          <params>
            <param index="0">
              <value>
                <![CDATA["Testing Practice Questions in Array"]]>
              </value>
            </param>
            <param index="1">
              <value>
                <![CDATA["Test DS-Algo Array data structure page"]]>
              </value>
            </param>
          </params>
          <reporter-output>
          </reporter-output>
        </test-method> <!-- runScenario -->
        <test-method signature="runScenario(io.cucumber.testng.PickleWrapper,io.cucumber.testng.FeatureWrapper)[pri:0, instance:TestRunner.Testrunner@5965be2d]" started-at="2024-01-17T19:22:58 PST" name="runScenario" description="Runs Cucumber Scenarios" data-provider="scenarios" finished-at="2024-01-17T19:23:20 PST" duration-ms="21102" status="PASS">
          <params>
            <param index="0">
              <value>
                <![CDATA["Testing Practice Questions in Array"]]>
              </value>
            </param>
            <param index="1">
              <value>
                <![CDATA["Test DS-Algo Array data structure page"]]>
              </value>
            </param>
          </params>
          <reporter-output>
          </reporter-output>
        </test-method> <!-- runScenario -->
        <test-method signature="runScenario(io.cucumber.testng.PickleWrapper,io.cucumber.testng.FeatureWrapper)[pri:0, instance:TestRunner.Testrunner@5965be2d]" started-at="2024-01-17T19:23:20 PST" name="runScenario" description="Runs Cucumber Scenarios" data-provider="scenarios" finished-at="2024-01-17T19:23:40 PST" duration-ms="20548" status="PASS">
          <params>
            <param index="0">
              <value>
                <![CDATA["Testing Practice Questions in Array"]]>
              </value>
            </param>
            <param index="1">
              <value>
                <![CDATA["Test DS-Algo Array data structure page"]]>
              </value>
            </param>
          </params>
          <reporter-output>
          </reporter-output>
        </test-method> <!-- runScenario -->
        <test-method signature="runScenario(io.cucumber.testng.PickleWrapper,io.cucumber.testng.FeatureWrapper)[pri:0, instance:TestRunner.Testrunner@5965be2d]" started-at="2024-01-17T19:23:40 PST" name="runScenario" description="Runs Cucumber Scenarios" data-provider="scenarios" finished-at="2024-01-17T19:24:00 PST" duration-ms="20244" status="PASS">
          <params>
            <param index="0">
              <value>
                <![CDATA["Testing Practice Questions in Array"]]>
              </value>
            </param>
            <param index="1">
              <value>
                <![CDATA["Test DS-Algo Array data structure page"]]>
              </value>
            </param>
          </params>
          <reporter-output>
          </reporter-output>
        </test-method> <!-- runScenario -->
        <test-method signature="runScenario(io.cucumber.testng.PickleWrapper,io.cucumber.testng.FeatureWrapper)[pri:0, instance:TestRunner.Testrunner@5965be2d]" started-at="2024-01-17T19:24:00 PST" name="runScenario" description="Runs Cucumber Scenarios" data-provider="scenarios" finished-at="2024-01-17T19:24:20 PST" duration-ms="19419" status="PASS">
          <params>
            <param index="0">
              <value>
                <![CDATA["Testing Graph Page"]]>
              </value>
            </param>
            <param index="1">
              <value>
                <![CDATA["Test DS-Algo Graph data structure page"]]>
              </value>
            </param>
          </params>
          <reporter-output>
          </reporter-output>
        </test-method> <!-- runScenario -->
        <test-method signature="runScenario(io.cucumber.testng.PickleWrapper,io.cucumber.testng.FeatureWrapper)[pri:0, instance:TestRunner.Testrunner@5965be2d]" started-at="2024-01-17T19:24:20 PST" name="runScenario" description="Runs Cucumber Scenarios" data-provider="scenarios" finished-at="2024-01-17T19:24:39 PST" duration-ms="19109" status="PASS">
          <params>
            <param index="0">
              <value>
                <![CDATA["Testing Graph Page"]]>
              </value>
            </param>
            <param index="1">
              <value>
                <![CDATA["Test DS-Algo Graph data structure page"]]>
              </value>
            </param>
          </params>
          <reporter-output>
          </reporter-output>
        </test-method> <!-- runScenario -->
        <test-method signature="runScenario(io.cucumber.testng.PickleWrapper,io.cucumber.testng.FeatureWrapper)[pri:0, instance:TestRunner.Testrunner@5965be2d]" started-at="2024-01-17T19:24:39 PST" name="runScenario" description="Runs Cucumber Scenarios" data-provider="scenarios" finished-at="2024-01-17T19:24:42 PST" duration-ms="3286" status="PASS">
          <params>
            <param index="0">
              <value>
                <![CDATA["Navigate to Homepage and Check Page Title"]]>
              </value>
            </param>
            <param index="1">
              <value>
                <![CDATA["Launching the Website"]]>
              </value>
            </param>
          </params>
          <reporter-output>
          </reporter-output>
        </test-method> <!-- runScenario -->
        <test-method signature="runScenario(io.cucumber.testng.PickleWrapper,io.cucumber.testng.FeatureWrapper)[pri:0, instance:TestRunner.Testrunner@5965be2d]" started-at="2024-01-17T19:24:42 PST" name="runScenario" description="Runs Cucumber Scenarios" data-provider="scenarios" finished-at="2024-01-17T19:25:54 PST" duration-ms="71869" status="PASS">
          <params>
            <param index="0">
              <value>
                <![CDATA["Login and landing in Queue page"]]>
              </value>
            </param>
            <param index="1">
              <value>
                <![CDATA["Launching the Queue module"]]>
              </value>
            </param>
          </params>
          <reporter-output>
          </reporter-output>
        </test-method> <!-- runScenario -->
        <test-method signature="runScenario(io.cucumber.testng.PickleWrapper,io.cucumber.testng.FeatureWrapper)[pri:0, instance:TestRunner.Testrunner@5965be2d]" started-at="2024-01-17T19:25:54 PST" name="runScenario" description="Runs Cucumber Scenarios" data-provider="scenarios" finished-at="2024-01-17T19:26:02 PST" duration-ms="8087" status="PASS">
          <params>
            <param index="0">
              <value>
                <![CDATA["Test to click Register button with all fields empty"]]>
              </value>
            </param>
            <param index="1">
              <value>
                <![CDATA["Test DS Algo Register Page feature"]]>
              </value>
            </param>
          </params>
          <reporter-output>
          </reporter-output>
        </test-method> <!-- runScenario -->
        <test-method signature="runScenario(io.cucumber.testng.PickleWrapper,io.cucumber.testng.FeatureWrapper)[pri:0, instance:TestRunner.Testrunner@5965be2d]" started-at="2024-01-17T19:26:02 PST" name="runScenario" description="Runs Cucumber Scenarios" data-provider="scenarios" finished-at="2024-01-17T19:26:04 PST" duration-ms="2110" status="PASS">
          <params>
            <param index="0">
              <value>
                <![CDATA["Test to click Register button only with Username entry"]]>
              </value>
            </param>
            <param index="1">
              <value>
                <![CDATA["Test DS Algo Register Page feature"]]>
              </value>
            </param>
          </params>
          <reporter-output>
          </reporter-output>
        </test-method> <!-- runScenario -->
        <test-method signature="runScenario(io.cucumber.testng.PickleWrapper,io.cucumber.testng.FeatureWrapper)[pri:0, instance:TestRunner.Testrunner@5965be2d]" started-at="2024-01-17T19:26:04 PST" name="runScenario" description="Runs Cucumber Scenarios" data-provider="scenarios" finished-at="2024-01-17T19:26:06 PST" duration-ms="2198" status="PASS">
          <params>
            <param index="0">
              <value>
                <![CDATA["Test to click Register button with Password Confirmation field empty"]]>
              </value>
            </param>
            <param index="1">
              <value>
                <![CDATA["Test DS Algo Register Page feature"]]>
              </value>
            </param>
          </params>
          <reporter-output>
          </reporter-output>
        </test-method> <!-- runScenario -->
        <test-method signature="runScenario(io.cucumber.testng.PickleWrapper,io.cucumber.testng.FeatureWrapper)[pri:0, instance:TestRunner.Testrunner@5965be2d]" started-at="2024-01-17T19:26:06 PST" name="runScenario" description="Runs Cucumber Scenarios" data-provider="scenarios" finished-at="2024-01-17T19:26:15 PST" duration-ms="8531" status="PASS">
          <params>
            <param index="0">
              <value>
                <![CDATA["Test to click Register button with different Passwords in Password and Password Confirmation fields"]]>
              </value>
            </param>
            <param index="1">
              <value>
                <![CDATA["Test DS Algo Register Page feature"]]>
              </value>
            </param>
          </params>
          <reporter-output>
          </reporter-output>
        </test-method> <!-- runScenario -->
        <test-method signature="runScenario(io.cucumber.testng.PickleWrapper,io.cucumber.testng.FeatureWrapper)[pri:0, instance:TestRunner.Testrunner@5965be2d]" started-at="2024-01-17T19:26:15 PST" name="runScenario" description="Runs Cucumber Scenarios" data-provider="scenarios" finished-at="2024-01-17T19:26:23 PST" duration-ms="8342" status="PASS">
          <params>
            <param index="0">
              <value>
                <![CDATA["Verify entering a password with characters less than 8"]]>
              </value>
            </param>
            <param index="1">
              <value>
                <![CDATA["Test DS Algo Register Page feature"]]>
              </value>
            </param>
          </params>
          <reporter-output>
          </reporter-output>
        </test-method> <!-- runScenario -->
        <test-method signature="runScenario(io.cucumber.testng.PickleWrapper,io.cucumber.testng.FeatureWrapper)[pri:0, instance:TestRunner.Testrunner@5965be2d]" started-at="2024-01-17T19:26:23 PST" name="runScenario" description="Runs Cucumber Scenarios" data-provider="scenarios" finished-at="2024-01-17T19:26:26 PST" duration-ms="2503" status="PASS">
          <params>
            <param index="0">
              <value>
                <![CDATA["Verify successful Registration"]]>
              </value>
            </param>
            <param index="1">
              <value>
                <![CDATA["Test DS Algo Register Page feature"]]>
              </value>
            </param>
          </params>
          <reporter-output>
          </reporter-output>
        </test-method> <!-- runScenario -->
        <test-method signature="runScenario(io.cucumber.testng.PickleWrapper,io.cucumber.testng.FeatureWrapper)[pri:0, instance:TestRunner.Testrunner@5965be2d]" started-at="2024-01-17T19:26:26 PST" name="runScenario" description="Runs Cucumber Scenarios" data-provider="scenarios" finished-at="2024-01-17T19:26:41 PST" duration-ms="15403" status="PASS">
          <params>
            <param index="0">
              <value>
                <![CDATA["Test to click login button by giving userid and password"]]>
              </value>
            </param>
            <param index="1">
              <value>
                <![CDATA["Test DS Algo login Page Feature"]]>
              </value>
            </param>
          </params>
          <reporter-output>
          </reporter-output>
        </test-method> <!-- runScenario -->
        <test-method signature="runScenario(io.cucumber.testng.PickleWrapper,io.cucumber.testng.FeatureWrapper)[pri:0, instance:TestRunner.Testrunner@5965be2d]" started-at="2024-01-17T19:26:41 PST" name="runScenario" description="Runs Cucumber Scenarios" data-provider="scenarios" finished-at="2024-01-17T19:27:14 PST" duration-ms="32769" status="PASS">
          <params>
            <param index="0">
              <value>
                <![CDATA["Login and landing in Data Structure page"]]>
              </value>
            </param>
            <param index="1">
              <value>
                <![CDATA["Launching the DataStucture module"]]>
              </value>
            </param>
          </params>
          <reporter-output>
          </reporter-output>
        </test-method> <!-- runScenario -->
        <test-method signature="runScenario(io.cucumber.testng.PickleWrapper,io.cucumber.testng.FeatureWrapper)[pri:0, instance:TestRunner.Testrunner@5965be2d]" started-at="2024-01-17T19:27:14 PST" name="runScenario" description="Runs Cucumber Scenarios" data-provider="scenarios" finished-at="2024-01-17T19:29:05 PST" duration-ms="111034" status="PASS">
          <params>
            <param index="0">
              <value>
                <![CDATA["Overview of Trees Page"]]>
              </value>
            </param>
            <param index="1">
              <value>
                <![CDATA["Tree Page Feature"]]>
              </value>
            </param>
          </params>
          <reporter-output>
          </reporter-output>
        </test-method> <!-- runScenario -->
        <test-method is-config="true" signature="tearDownClass()[pri:0, instance:TestRunner.Testrunner@5965be2d]" started-at="2024-01-17T19:29:05 PST" name="tearDownClass" finished-at="2024-01-17T19:29:05 PST" duration-ms="55" status="PASS">
          <reporter-output>
          </reporter-output>
        </test-method> <!-- tearDownClass -->
      </class> <!-- TestRunner.Testrunner -->
    </test> <!-- Default test -->
  </suite> <!-- Default suite -->
</testng-results>
